<?xml version="1.0" encoding="UTF-8"?>
<!-- Generated by org.testng.reporters.JUnitXMLReporter -->
<testsuite ignored="0" hostname="MacBook-Pro-de-Ulises.local" failures="0" tests="2" name="Surefire test" time="28.423" errors="0" timestamp="24 sep. 2022 05:04:51 GMT">
  <testcase classname="com.masteringselenium.BasicTestWD" name="googleMilkExample" time="24.148"/>
  <testcase classname="com.masteringselenium.BasicTestWD" name="googleCheeseExample" time="28.291"/>
</testsuite> <!-- Surefire test -->
