<?xml version="1.0" encoding="UTF-8"?>
<testng-results ignored="0" total="2" passed="2" failed="0" skipped="0">
  <reporter-output>
  </reporter-output>
  <suite started-at="2022-09-24T05:04:23Z" name="Surefire suite" finished-at="2022-09-24T05:04:51Z" duration-ms="28423">
    <groups>
    </groups>
    <test started-at="2022-09-24T05:04:23Z" name="Surefire test" finished-at="2022-09-24T05:04:51Z" duration-ms="28423">
      <class name="com.masteringselenium.BasicTestWD">
        <test-method is-config="true" signature="instantiateDriverObject()[pri:0, instance:com.masteringselenium.BasicTestWD@1e730495]" started-at="2022-09-24T05:04:23Z" name="instantiateDriverObject" finished-at="2022-09-24T05:04:23Z" duration-ms="7" status="PASS">
          <reporter-output>
          </reporter-output>
        </test-method> <!-- instantiateDriverObject -->
        <test-method signature="googleMilkExample()[pri:0, instance:com.masteringselenium.BasicTestWD@1e730495]" started-at="2022-09-24T05:04:23Z" name="googleMilkExample" finished-at="2022-09-24T05:04:47Z" duration-ms="24148" status="PASS">
          <reporter-output>
          </reporter-output>
        </test-method> <!-- googleMilkExample -->
        <test-method signature="googleCheeseExample()[pri:0, instance:com.masteringselenium.BasicTestWD@1e730495]" started-at="2022-09-24T05:04:23Z" name="googleCheeseExample" finished-at="2022-09-24T05:04:51Z" duration-ms="28291" status="PASS">
          <reporter-output>
          </reporter-output>
        </test-method> <!-- googleCheeseExample -->
        <test-method is-config="true" signature="quitDriver()[pri:0, instance:com.masteringselenium.BasicTestWD@1e730495]" started-at="2022-09-24T05:04:47Z" name="quitDriver" finished-at="2022-09-24T05:04:47Z" duration-ms="90" status="PASS">
          <reporter-output>
          </reporter-output>
        </test-method> <!-- quitDriver -->
        <test-method is-config="true" signature="quitDriver()[pri:0, instance:com.masteringselenium.BasicTestWD@1e730495]" started-at="2022-09-24T05:04:51Z" name="quitDriver" finished-at="2022-09-24T05:04:51Z" duration-ms="80" status="PASS">
          <reporter-output>
          </reporter-output>
        </test-method> <!-- quitDriver -->
      </class> <!-- com.masteringselenium.BasicTestWD -->
    </test> <!-- Surefire test -->
  </suite> <!-- Surefire suite -->
</testng-results>
